<?xml version="1.0" encoding="UTF-8"?>
<!-- Generated by org.testng.reporters.JUnitReportReporter -->
<testsuite hostname="LAPTOP-QQ4R1PT5" failures="0" tests="1" name="com.qa.FeaturesTestNG" time="0.036" errors="0" timestamp="07 Oct 2018 12:35:21 GMT" skipped="0">
  <testcase classname="com.qa.FeaturesTestNG" name="loginTest" time="0.036"/>
</testsuite> <!-- com.qa.FeaturesTestNG -->
